Build started 4/17/2012 9:04:55 PM.
     1>Project "C:\jm\CxxReflect\Tests\UnitTests\UnitTests.vcxproj" on node 3 (Build target(s)).
     1>InitializeBuildStatus:
         Touching "C:\jm\CxxReflect\Build\Intermediate\Win32\Debug\UnitTests\UnitTests.unsuccessfulbuild".
       ClCompile:
         All outputs are up-to-date.
       ManifestResourceCompile:
         All outputs are up-to-date.
       Link:
         C:\Program Files (x86)\Microsoft Visual Studio 11.0\VC\bin\link.exe /ERRORREPORT:PROMPT /OUT:"C:\jm\CxxReflect\Build\Output\Win32\Debug\UnitTests\UnitTests.exe" /INCREMENTAL /NOLOGO /LIBPATH:C:\jm\CxxReflect\Build\Output\Win32\Debug\CxxReflect\ CxxReflect.lib runtimeobject.lib wintypes.lib advapi32.lib shlwapi.lib kernel32.lib user32.lib gdi32.lib winspool.lib comdlg32.lib advapi32.lib shell32.lib ole32.lib oleaut32.lib uuid.lib odbc32.lib odbccp32.lib /MANIFEST /ManifestFile:"C:\jm\CxxReflect\Build\Intermediate\Win32\Debug\UnitTests\UnitTests.exe.intermediate.manifest" /MANIFESTUAC:"level='asInvoker' uiAccess='false'" /DEBUG /PDB:"C:\jm\CxxReflect\Build\Output\Win32\Debug\UnitTests\UnitTests.pdb" /TLBID:1 /DYNAMICBASE /NXCOMPAT /IMPLIB:"C:\jm\CxxReflect\Build\Output\Win32\Debug\UnitTests\UnitTests.lib" /MACHINE:X86 C:\jm\CxxReflect\Build\Intermediate\Win32\Debug\UnitTests\ConvertingOverloadResolver.obj
         C:\jm\CxxReflect\Build\Intermediate\Win32\Debug\UnitTests\Guid.obj
         C:\jm\CxxReflect\Build\Intermediate\Win32\Debug\UnitTests\Main.obj
         C:\jm\CxxReflect\Build\Intermediate\Win32\Debug\UnitTests\SignatureBuilder.obj
         "C:\jm\CxxReflect\Build\Output\Win32\Debug(ZW)\CxxReflect\CxxReflect.lib"
         C:\jm\CxxReflect\Build\Intermediate\Win32\Debug\UnitTests\UnitTests.exe.embed.manifest.res
     1>LINK : fatal error LNK1104: cannot open file 'CxxReflect.lib'
     1>Done Building Project "C:\jm\CxxReflect\Tests\UnitTests\UnitTests.vcxproj" (Build target(s)) -- FAILED.

Build FAILED.

Time Elapsed 00:00:00.11
