     0>C:\jm\CxxReflect\CxxReflect\CxxReflect.props(54,3): warning MSB4011: "C:\Program Files (x86)\MSBuild\Microsoft.Cpp\v4.0\V110\Microsoft.Cpp.Default.props" cannot be imported again. It was already imported at "C:\jm\CxxReflect\WinRTTestStub\WinRTTestStub.vcxproj (37,3)". This is most likely a build authoring error. This subsequent import will be ignored. 
     0>C:\jm\CxxReflect\CxxReflect\CxxReflect.props(69,3): warning MSB4011: "C:\Program Files (x86)\MSBuild\Microsoft.Cpp\v4.0\V110\Microsoft.Cpp.props" cannot be imported again. It was already imported at "C:\jm\CxxReflect\WinRTTestStub\WinRTTestStub.vcxproj (42,3)". This is most likely a build authoring error. This subsequent import will be ignored. 
     0>C:\jm\CxxReflect\CxxReflect\CxxReflect.props(54,3): warning MSB4011: "C:\Program Files (x86)\MSBuild\Microsoft.Cpp\v4.0\V110\Microsoft.Cpp.Default.props" cannot be imported again. It was already imported at "C:\jm\CxxReflect\WinRTXamlTestApplication\WinRTXamlTestApplication.vcxproj (37,3)". This is most likely a build authoring error. This subsequent import will be ignored. 
     0>C:\jm\CxxReflect\WinRTXamlTestApplication\WinRTXamlTestApplication.vcxproj(44,3): warning MSB4011: "C:\Program Files (x86)\MSBuild\Microsoft.Cpp\v4.0\V110\Microsoft.Cpp.props" cannot be imported again. It was already imported at "C:\jm\CxxReflect\CxxReflect\CxxReflect.props (69,3)". This is most likely a build authoring error. This subsequent import will be ignored. 
Build started 3/3/2012 3:05:37 PM.
     1>Project "C:\jm\CxxReflect\WinRTTestStub\WinRTTestStub.vcxproj" on node 4 (Build target(s)).
     1>GetInstalledSDKLocations:
         Searching for SDKs targeting "Windows, 8.0".
       ResolveSDKReferences:
           Reading SDK manifest file "C:\Program Files (x86)\Microsoft SDKs\Windows\v8.0\ExtensionSDKs\Microsoft.VCLibs\11.0\SDKManifest.xml".
           Targeted configuration and architecture "Retail|x86"
           Could not find "FrameworkIdentity" attribute "FrameworkIdentity-Retail-x86" in the SDK manifest. 
           Found "FrameworkIdentity" attribute "Name = Microsoft.VCLibs.110, MinVersion = 11.0.0.0" in the SDK manifest.
           Runtime architecture used to find APPX is "x86"
           Found "APPX" location attribute ".\AppX\Retail\x86\Microsoft.VCLibs.x86.11.appx" in the SDK manifest.
           Found "APPX" location attribute ".\AppX\Retail\x64\Microsoft.VCLibs.x64.11.appx" in the SDK manifest.
       ExpandSDKReferences:
         Enumerating SDK Reference "Microsoft.VCLibs, Version=11.0" from "C:\Program Files (x86)\Microsoft SDKs\Windows\v8.0\ExtensionSDKs\Microsoft.VCLibs\11.0\".
         Adding reference "References\CommonConfiguration\neutral\platform.winmd".
       InitializeBuildStatus:
         Touching "C:\jm\CxxReflect\Build\Intermediate\Win32\Release\WinRTTestStub\WinRTTestStub.unsuccessfulbuild".
       ClCompile:
         C:\Program Files (x86)\Microsoft Visual Studio 11.0\VC\bin\CL.exe /c /I..\ /I"C:\Program Files (x86)\Microsoft Visual Studio 11.0\VC\include" /I"C:\Program Files (x86)\Microsoft Visual Studio 11.0\VC\atlmfc\include" /I"C:\Program Files (x86)\Windows Kits\8.0\Include\um" /I"C:\Program Files (x86)\Windows Kits\8.0\Include\shared" /I"C:\Program Files (x86)\Windows Kits\8.0\Include\winrt" /I"C:\Program Files (x86)\Microsoft Visual Studio 11.0\VC\Include" /IC:\jm\CxxReflect\WinRTTestStub\ /IC:\jm\CxxReflect\Build\Intermediate\Win32\Release\WinRTTestStub\ /Zi /ZW /ZW:nostdlib /nologo /W4 /WX- /MP /Ox /Ob2 /Oi /Ot /Oy /D NOMINMAX /D _CRT_SECURE_NO_WARNINGS /D _UNICODE /D UNICODE /D _UNICODE /D UNICODE /D WINAPI_FAMILY=WINAPI_FAMILY_APP /Gm- /EHsc /MD /GS /Gy /fp:precise /Zc:wchar_t /Zc:forScope /Fo"C:\jm\CxxReflect\Build\Intermediate\Win32\Release\WinRTTestStub\\" /Fd"C:\jm\CxxReflect\Build\Intermediate\Win32\Release\WinRTTestStub\vc110.pdb" /Gd /TP /FU"C:\Program Files (x86)\Microsoft SDKs\Windows\v8.0\ExtensionSDKs\Microsoft.VCLibs\11.0\References\CommonConfiguration\neutral\platform.winmd" /FU"C:\Program Files (x86)\Windows Kits\8.0\Windows Metadata\Windows.winmd" /analyze- /errorReport:none Main.cpp
         Main.cpp
     1>Main.cpp(23): warning C4100: 'number' : unreferenced formal parameter
     1>Main.cpp(47): error C2039: 'BeginWinRTPackageMetadataInitialization' : is not a member of 'CxxReflect'
     1>Main.cpp(47): error C3861: 'BeginWinRTPackageMetadataInitialization': identifier not found
     1>Main.cpp(68): error C2653: 'WinRTPackageMetadata' : is not a class or namespace name
     1>Main.cpp(68): error C3861: 'GetTypeOf': identifier not found
     1>Done Building Project "C:\jm\CxxReflect\WinRTTestStub\WinRTTestStub.vcxproj" (Build target(s)) -- FAILED.

Build FAILED.

Time Elapsed 00:00:06.03
